{"level":"info","message":"New client connected: ooBp5sCp_z4iwe4cAAAB","timestamp":"2026-03-18T19:20:27.717Z"}
{"level":"info","message":"New client connected: ciF60oEyYcqRkc_kAAAB","timestamp":"2026-03-19T20:21:33.256Z"}
{"level":"info","message":"Client disconnected","timestamp":"2026-03-19T20:29:41.398Z"}
{"level":"info","message":"New client connected: jQWPXV8Ux9dw1wjyAAAD","timestamp":"2026-03-19T20:29:42.056Z"}
{"level":"info","message":"Socket jQWPXV8Ux9dw1wjyAAAD joined kitchen room","timestamp":"2026-03-19T20:30:29.087Z"}
{"level":"info","message":"Socket jQWPXV8Ux9dw1wjyAAAD joined kitchen room","timestamp":"2026-03-19T20:30:31.091Z"}
{"level":"info","message":"Socket jQWPXV8Ux9dw1wjyAAAD joined kitchen room","timestamp":"2026-03-19T20:30:31.094Z"}
{"level":"info","message":"New client connected: Hzqhs8Pmk5LaAOyXAAAF","timestamp":"2026-03-19T20:30:47.572Z"}
{"level":"info","message":"Client disconnected","timestamp":"2026-03-19T20:30:52.480Z"}
{"level":"info","message":"New client connected: -tZRNLAVjt88djPiAAAH","timestamp":"2026-03-19T20:31:18.972Z"}
{"level":"info","message":"Client disconnected","timestamp":"2026-03-19T20:31:21.113Z"}
{"level":"info","message":"New client connected: 3MRU-tdXANdz43sFAAAB","timestamp":"2026-03-19T20:32:11.085Z"}
{"level":"info","message":"New client connected: EdfH9exscQGJNX6VAAAD","timestamp":"2026-03-19T20:33:27.842Z"}
{"level":"info","message":"Client disconnected","timestamp":"2026-03-19T20:33:31.985Z"}
{"level":"info","message":"New client connected: dtEh28k1Pfe93xgkAAAF","timestamp":"2026-03-19T20:35:09.902Z"}
{"level":"info","message":"Client disconnected","timestamp":"2026-03-19T20:35:13.710Z"}
{"level":"info","message":"Client disconnected","timestamp":"2026-03-19T20:42:30.538Z"}
{"level":"info","message":"New client connected: OKcoyMTBrNODP8zLAAAH","timestamp":"2026-03-19T20:42:31.289Z"}
{"level":"info","message":"Socket OKcoyMTBrNODP8zLAAAH joined kitchen room","timestamp":"2026-03-19T20:42:34.695Z"}
{"level":"info","message":"Socket OKcoyMTBrNODP8zLAAAH joined kitchen room","timestamp":"2026-03-19T20:42:34.712Z"}
{"level":"info","message":"New client connected: Ga3kdzKx6695UDPIAAAB","timestamp":"2026-03-19T20:46:04.101Z"}
{"level":"info","message":"Client disconnected","timestamp":"2026-03-19T20:46:20.610Z"}
{"level":"info","message":"New client connected: pXsOsAxZJptdeWbmAAAD","timestamp":"2026-03-19T20:46:26.700Z"}
{"level":"info","message":"Socket pXsOsAxZJptdeWbmAAAD joined kitchen room","timestamp":"2026-03-19T20:46:30.310Z"}
{"level":"info","message":"Socket pXsOsAxZJptdeWbmAAAD joined kitchen room","timestamp":"2026-03-19T20:46:30.354Z"}
{"level":"info","message":"Client disconnected","timestamp":"2026-03-19T20:48:21.402Z"}
